<?xml version="1.0" encoding="UTF-8"?>
<testng-results ignored="0" total="1" passed="1" failed="0" skipped="0">
  <reporter-output>
  </reporter-output>
  <suite started-at="2023-02-03T01:04:13 IST" name="Default suite" finished-at="2023-02-03T01:04:18 IST" duration-ms="5434">
    <groups>
    </groups>
    <test started-at="2023-02-03T01:04:13 IST" name="Default test" finished-at="2023-02-03T01:04:18 IST" duration-ms="5434">
      <class name="mthods.rest.api.DeleteMethod">
        <test-method signature="deleteRequest()[pri:0, instance:mthods.rest.api.DeleteMethod@293a5bf6]" started-at="2023-02-03T01:04:13 IST" name="deleteRequest" finished-at="2023-02-03T01:04:18 IST" duration-ms="5321" status="PASS">
          <reporter-output>
          </reporter-output>
        </test-method> <!-- deleteRequest -->
      </class> <!-- mthods.rest.api.DeleteMethod -->
    </test> <!-- Default test -->
  </suite> <!-- Default suite -->
</testng-results>
